<?xml version="1.0" encoding="utf-8"?><testsuites name="pytest tests"><testsuite name="pytest" errors="0" failures="0" skipped="0" tests="142" time="82.371" timestamp="2026-07-02T16:24:17.034516+00:00" hostname="agent-env-f7d191b1-b715-4c13-a7f3-902bad11ae88"><testcase classname="backend.tests.test_admin_backup.TestSystemInfo" name="test_unauth_401" time="0.004" /><testcase classname="backend.tests.test_admin_backup.TestSystemInfo" name="test_non_gm_403" time="0.479" /><testcase classname="backend.tests.test_admin_backup.TestSystemInfo" name="test_gm_ok_shape" time="0.010" /><testcase classname="backend.tests.test_admin_backup.TestBackup" name="test_unauth_401" time="0.002" /><testcase classname="backend.tests.test_admin_backup.TestBackup" name="test_non_gm_403" time="0.003" /><testcase classname="backend.tests.test_admin_backup.TestBackup" name="test_gm_returns_json_with_headers" time="0.176" /><testcase classname="backend.tests.test_admin_backup.TestRestoreValidation" name="test_unauth_401" time="0.002" /><testcase classname="backend.tests.test_admin_backup.TestRestoreValidation" name="test_non_gm_403" time="0.003" /><testcase classname="backend.tests.test_admin_backup.TestRestoreValidation" name="test_missing_collections_400" time="0.002" /><testcase classname="backend.tests.test_admin_backup.TestRestoreValidation" name="test_invalid_collections_type_400" time="0.002" /><testcase classname="backend.tests.test_admin_backup.TestRestoreValidation" name="test_no_gm_in_backup_400" time="0.002" /><testcase classname="backend.tests.test_audit_and_analysis.TestAuditLogsAuth" name="test_unauth_401" time="0.001" /><testcase classname="backend.tests.test_audit_and_analysis.TestAuditLogsAuth" name="test_non_gm_403" time="0.454" /><testcase classname="backend.tests.test_audit_and_analysis.TestAuditLogsAuth" name="test_summary_unauth_401" time="0.001" /><testcase classname="backend.tests.test_audit_and_analysis.TestAuditLogsAuth" name="test_summary_non_gm_403" time="0.002" /><testcase classname="backend.tests.test_audit_and_analysis.TestAuditLogsList" name="test_list_shape" time="0.008" /><testcase classname="backend.tests.test_audit_and_analysis.TestAuditLogsList" name="test_limit_query" time="0.004" /><testcase classname="backend.tests.test_audit_and_analysis.TestAuditLogsList" name="test_limit_out_of_range" time="0.003" /><testcase classname="backend.tests.test_audit_and_analysis.TestAuditLogsList" name="test_login_success_creates_entry" time="0.630" /><testcase classname="backend.tests.test_audit_and_analysis.TestAuditLogsList" name="test_failed_login_logged" time="0.734" /><testcase classname="backend.tests.test_audit_and_analysis.TestAuditLogsList" name="test_filter_action_login_only" time="0.005" /><testcase classname="backend.tests.test_audit_and_analysis.TestAuditLogsList" name="test_filter_entity_type" time="0.004" /><testcase classname="backend.tests.test_audit_and_analysis.TestDepartmentAudit" name="test_dept_create_update_delete_logs" time="0.516" /><testcase classname="backend.tests.test_audit_and_analysis.TestAuditLogsSummary" name="test_summary_shape" time="0.006" /><testcase classname="backend.tests.test_audit_and_analysis.TestAnalysisDoc" name="test_unauth_401" time="0.002" /><testcase classname="backend.tests.test_audit_and_analysis.TestAnalysisDoc" name="test_non_gm_403" time="0.002" /><testcase classname="backend.tests.test_audit_and_analysis.TestAnalysisDoc" name="test_gm_download_docx" time="0.014" /><testcase classname="backend.tests.test_audit_and_analysis.TestRegression" name="test_departments_list" time="0.004" /><testcase classname="backend.tests.test_audit_and_analysis.TestRegression" name="test_activities_list" time="0.006" /><testcase classname="backend.tests.test_audit_and_analysis.TestRegression" name="test_reports_summary" time="0.004" /><testcase classname="backend.tests.test_audit_and_analysis.TestRegression" name="test_admin_system_info" time="0.008" /><testcase classname="backend.tests.test_audit_and_analysis.TestRegression" name="test_admin_backup" time="0.173" /><testcase classname="backend.tests.test_comprehensive_report.TestComprehensiveJson" name="test_returns_list_with_required_shape" time="0.617" /><testcase classname="backend.tests.test_comprehensive_report.TestComprehensiveJson" name="test_sorted_by_total_desc" time="0.105" /><testcase classname="backend.tests.test_comprehensive_report.TestComprehensiveJson" name="test_targets_sorted_by_count_desc" time="0.141" /><testcase classname="backend.tests.test_comprehensive_report.TestComprehensiveDocx" name="test_docx_response_valid_headers_and_body" time="0.196" /><testcase classname="backend.tests.test_comprehensive_report.TestComprehensiveDocx" name="test_docx_unauthorized_returns_401" time="0.145" /><testcase classname="backend.tests.test_comprehensive_report.TestComprehensiveScoping" name="test_dept_manager_sees_only_dept_employees" time="2.624" /><testcase classname="backend.tests.test_comprehensive_report.TestComprehensiveScoping" name="test_employee_sees_only_themselves" time="0.112" /><testcase classname="backend.tests.test_comprehensive_report.TestComprehensiveScoping" name="test_dept_manager_docx_is_scoped" time="0.130" /><testcase classname="backend.tests.test_delete_and_range.TestDeleteUser" name="test_cannot_delete_self" time="2.772" /><testcase classname="backend.tests.test_delete_and_range.TestDeleteUser" name="test_cannot_delete_general_manager" time="0.102" /><testcase classname="backend.tests.test_delete_and_range.TestDeleteUser" name="test_dm_cannot_delete_out_of_dept" time="0.110" /><testcase classname="backend.tests.test_delete_and_range.TestDeleteUser" name="test_employee_cannot_delete_anyone" time="0.115" /><testcase classname="backend.tests.test_delete_and_range.TestDeleteUser" name="test_delete_nonexistent" time="0.092" /><testcase classname="backend.tests.test_delete_and_range.TestDeleteUser" name="test_divm_deletes_employee_in_own_division" time="0.525" /><testcase classname="backend.tests.test_delete_and_range.TestDeleteUser" name="test_dm_deletes_divm_in_own_dept" time="0.424" /><testcase classname="backend.tests.test_delete_and_range.TestDeleteDivision" name="test_delete_division_with_users_blocked" time="0.097" /><testcase classname="backend.tests.test_delete_and_range.TestDeleteDivision" name="test_delete_empty_division_success" time="0.286" /><testcase classname="backend.tests.test_delete_and_range.TestDeleteDivision" name="test_dm_cannot_delete_other_dept_division" time="0.530" /><testcase classname="backend.tests.test_delete_and_range.TestDeleteDivision" name="test_delete_nonexistent_division" time="0.103" /><testcase classname="backend.tests.test_delete_and_range.TestDeleteDepartment" name="test_delete_department_with_users_blocked" time="0.103" /><testcase classname="backend.tests.test_delete_and_range.TestDeleteDepartment" name="test_non_gm_cannot_delete_department" time="0.097" /><testcase classname="backend.tests.test_delete_and_range.TestDeleteDepartment" name="test_delete_empty_department_success" time="0.300" /><testcase classname="backend.tests.test_delete_and_range.TestDeleteDepartment" name="test_delete_dept_with_division_blocked" time="0.520" /><testcase classname="backend.tests.test_delete_and_range.TestReportsRange" name="test_range_returns_shape" time="0.128" /><testcase classname="backend.tests.test_delete_and_range.TestReportsRange" name="test_range_invalid_date_format" time="0.111" /><testcase classname="backend.tests.test_delete_and_range.TestReportsRange" name="test_range_end_before_start" time="0.095" /><testcase classname="backend.tests.test_delete_and_range.TestReportsRange" name="test_range_end_equal_start_ok" time="0.109" /><testcase classname="backend.tests.test_delete_and_range.TestReportsRange" name="test_range_department_id_filter_gm" time="0.100" /><testcase classname="backend.tests.test_delete_and_range.TestReportsRange" name="test_range_department_id_ignored_for_non_gm" time="0.100" /><testcase classname="backend.tests.test_delete_and_range.TestReportsRange" name="test_range_scoped_for_employee" time="0.108" /><testcase classname="backend.tests.test_delete_and_range.TestReportsRange" name="test_range_unauthenticated" time="0.104" /><testcase classname="backend.tests.test_gcaan_backend.TestAuth" name="test_login_admin_success" time="0.331" /><testcase classname="backend.tests.test_gcaan_backend.TestAuth" name="test_login_wrong_password" time="0.327" /><testcase classname="backend.tests.test_gcaan_backend.TestAuth" name="test_me_with_token" time="0.116" /><testcase classname="backend.tests.test_gcaan_backend.TestAuth" name="test_me_without_token" time="0.115" /><testcase classname="backend.tests.test_gcaan_backend.TestAuth" name="test_me_bad_token" time="0.096" /><testcase classname="backend.tests.test_gcaan_backend.TestDepartments" name="test_list_departments_seeded" time="0.099" /><testcase classname="backend.tests.test_gcaan_backend.TestDepartments" name="test_create_department_gm" time="0.206" /><testcase classname="backend.tests.test_gcaan_backend.TestUserHierarchy" name="test_gm_cannot_create_employee_directly" time="0.106" /><testcase classname="backend.tests.test_gcaan_backend.TestUserHierarchy" name="test_gm_creates_dept_manager_requires_dept" time="0.097" /><testcase classname="backend.tests.test_gcaan_backend.TestUserHierarchy" name="test_gm_creates_dept_manager" time="0.670" /><testcase classname="backend.tests.test_gcaan_backend.TestUserHierarchy" name="test_dm_cannot_create_division_in_other_dept" time="0.103" /><testcase classname="backend.tests.test_gcaan_backend.TestUserHierarchy" name="test_dm_creates_division_in_own_dept" time="0.106" /><testcase classname="backend.tests.test_gcaan_backend.TestUserHierarchy" name="test_dm_creates_division_manager" time="0.643" /><testcase classname="backend.tests.test_gcaan_backend.TestUserHierarchy" name="test_dm_cannot_create_employee" time="0.103" /><testcase classname="backend.tests.test_gcaan_backend.TestUserHierarchy" name="test_divm_creates_employee" time="0.649" /><testcase classname="backend.tests.test_gcaan_backend.TestUserHierarchy" name="test_employee_cannot_create_users" time="0.093" /><testcase classname="backend.tests.test_gcaan_backend.TestUserHierarchy" name="test_non_gm_cannot_create_department" time="0.097" /><testcase classname="backend.tests.test_gcaan_backend.TestActivitiesWorkflow" name="test_employee_creates_activity" time="0.129" /><testcase classname="backend.tests.test_gcaan_backend.TestActivitiesWorkflow" name="test_wrong_role_cannot_act" time="0.114" /><testcase classname="backend.tests.test_gcaan_backend.TestActivitiesWorkflow" name="test_divm_approves_to_pending_department" time="0.121" /><testcase classname="backend.tests.test_gcaan_backend.TestActivitiesWorkflow" name="test_dm_approves_to_pending_gm" time="0.101" /><testcase classname="backend.tests.test_gcaan_backend.TestActivitiesWorkflow" name="test_gm_approves_final" time="0.128" /><testcase classname="backend.tests.test_gcaan_backend.TestActivitiesWorkflow" name="test_list_pending_scope_for_gm" time="0.107" /><testcase classname="backend.tests.test_gcaan_backend.TestActivitiesWorkflow" name="test_employee_scope_mine_returns_own" time="0.103" /><testcase classname="backend.tests.test_gcaan_backend.TestReports" name="test_summary" time="0.103" /><testcase classname="backend.tests.test_gcaan_backend.TestReports" name="test_weekly_monthly" time="0.226" /><testcase classname="backend.tests.test_gcaan_backend.TestReports" name="test_by_department" time="0.101" /><testcase classname="backend.tests.test_gcaan_backend.TestReports" name="test_completion_rates" time="0.097" /><testcase classname="backend.tests.test_gcaan_backend.TestReports" name="test_kpis" time="0.104" /><testcase classname="backend.tests.test_gcaan_backend.TestEditing" name="test_gm_updates_department_and_denormalizes" time="0.202" /><testcase classname="backend.tests.test_gcaan_backend.TestEditing" name="test_non_gm_cannot_update_department" time="0.110" /><testcase classname="backend.tests.test_gcaan_backend.TestEditing" name="test_update_nonexistent_department_404" time="0.096" /><testcase classname="backend.tests.test_gcaan_backend.TestEditing" name="test_gm_updates_division" time="0.095" /><testcase classname="backend.tests.test_gcaan_backend.TestEditing" name="test_dm_updates_own_division" time="0.097" /><testcase classname="backend.tests.test_gcaan_backend.TestEditing" name="test_dm_cannot_update_other_dept_division" time="0.323" /><testcase classname="backend.tests.test_gcaan_backend.TestEditing" name="test_gm_updates_dept_manager_name_and_password" time="0.640" /><testcase classname="backend.tests.test_gcaan_backend.TestEditing" name="test_gm_cannot_update_employee_directly" time="0.095" /><testcase classname="backend.tests.test_gcaan_backend.TestEditing" name="test_dm_updates_employee_in_own_dept" time="0.205" /><testcase classname="backend.tests.test_gcaan_backend.TestEditing" name="test_divm_updates_employee_in_own_division" time="0.112" /><testcase classname="backend.tests.test_gcaan_backend.TestEditing" name="test_user_updates_self" time="0.869" /><testcase classname="backend.tests.test_gcaan_backend.TestEditing" name="test_password_too_short_returns_400" time="0.099" /><testcase classname="backend.tests.test_gcaan_backend.TestEditing" name="test_empty_update_returns_400" time="0.108" /><testcase classname="backend.tests.test_gcaan_backend.TestEditing" name="test_empty_name_returns_400" time="0.127" /><testcase classname="backend.tests.test_gcaan_backend.TestEditing" name="test_update_nonexistent_user_404" time="0.099" /><testcase classname="backend.tests.test_gcaan_backend.TestEmployeeDepartmentName" name="test_new_activity_has_employee_department_name" time="0.107" /><testcase classname="backend.tests.test_gcaan_backend.TestEmployeeDepartmentName" name="test_list_activities_returns_employee_department_name" time="0.112" /><testcase classname="backend.tests.test_gcaan_backend.TestEmployeeDepartmentName" name="test_backfill_migration_populated_existing_activity" time="0.101" /><testcase classname="backend.tests.test_gcaan_backend.TestEmployeeDepartmentName" name="test_department_rename_updates_both_target_and_employee_dept_names" time="0.192" /><testcase classname="backend.tests.test_gcaan_backend.TestEmployeeDepartmentName" name="test_gm_activity_has_no_employee_department_name" time="0.102" /><testcase classname="backend.tests.test_reports_refactor.TestByDepartmentShape" name="test_by_department_shape_and_includes_empty" time="40.754" /><testcase classname="backend.tests.test_reports_refactor.TestCompletionRatesShape" name="test_completion_rates_shape" time="1.162" /><testcase classname="backend.tests.test_reports_refactor.TestKpisShape" name="test_kpis_shape" time="0.136" /><testcase classname="backend.tests.test_reports_refactor.TestJwtSecretFromEnv" name="test_valid_admin_token_works" time="3.260" /><testcase classname="backend.tests.test_reports_refactor.TestJwtSecretFromEnv" name="test_token_signed_with_wrong_secret_rejected" time="0.138" /><testcase classname="backend.tests.test_reports_refactor.TestJwtSecretFromEnv" name="test_backend_reads_jwt_secret_from_env_not_hardcoded" time="0.000" /><testcase classname="backend.tests.test_subscription.TestSubscriptionAuth" name="test_get_unauth_401" time="8.383" /><testcase classname="backend.tests.test_subscription.TestSubscriptionAuth" name="test_post_unauth_401" time="0.126" /><testcase classname="backend.tests.test_subscription.TestSubscriptionAuth" name="test_get_non_gm_allowed" time="0.762" /><testcase classname="backend.tests.test_subscription.TestSubscriptionAuth" name="test_post_non_gm_403" time="0.112" /><testcase classname="backend.tests.test_subscription.TestSubscriptionGetShape" name="test_get_shape_fields_present" time="0.104" /><testcase classname="backend.tests.test_subscription.TestSubscriptionValidation" name="test_invalid_end_date_format_400" time="0.102" /><testcase classname="backend.tests.test_subscription.TestSubscriptionValidation" name="test_invalid_start_date_format_400" time="0.103" /><testcase classname="backend.tests.test_subscription.TestSubscriptionValidation" name="test_end_before_start_400" time="0.103" /><testcase classname="backend.tests.test_subscription.TestSubscriptionValidation" name="test_duration_zero_400" time="0.112" /><testcase classname="backend.tests.test_subscription.TestSubscriptionValidation" name="test_duration_negative_400" time="0.115" /><testcase classname="backend.tests.test_subscription.TestSubscriptionValidation" name="test_duration_too_large_400" time="0.095" /><testcase classname="backend.tests.test_subscription.TestSubscriptionValidation" name="test_missing_end_and_duration_400" time="0.101" /><testcase classname="backend.tests.test_subscription.TestSubscriptionSetAndPersist" name="test_set_with_duration_and_verify_via_get" time="0.205" /><testcase classname="backend.tests.test_subscription.TestSubscriptionSetAndPersist" name="test_set_with_end_date_and_computation" time="0.109" /><testcase classname="backend.tests.test_subscription.TestSubscriptionSetAndPersist" name="test_expired_subscription_flag" time="0.099" /><testcase classname="backend.tests.test_subscription.TestSubscriptionSetAndPersist" name="test_default_start_date_is_today" time="0.102" /><testcase classname="backend.tests.test_subscription.TestSubscriptionSetAndPersist" name="test_audit_log_entry_created" time="0.225" /><testcase classname="backend.tests.test_subscription.TestRegression" name="test_login_ok" time="1.347" /><testcase classname="backend.tests.test_subscription.TestRegression" name="test_departments_ok" time="0.096" /><testcase classname="backend.tests.test_subscription.TestRegression" name="test_activities_ok" time="0.114" /><testcase classname="backend.tests.test_subscription.TestRegression" name="test_reports_summary_ok" time="0.104" /><testcase classname="backend.tests.test_subscription.TestRegression" name="test_admin_backup_ok" time="0.278" /><testcase classname="backend.tests.test_subscription.TestRegression" name="test_audit_logs_ok" time="0.107" /><testcase classname="backend.tests.test_subscription.TestRegression" name="test_analysis_doc_ok" time="0.109" /></testsuite></testsuites>